# JRE version: OpenJDK Runtime Environment (11.0.8+10) (build 11.0.8+10-b944.6842174)
# Java VM: OpenJDK 64-Bit Server VM (11.0.8+10-b944.6842174, mixed mode, tiered, compressed oops, g1 gc, windows-amd64)
Heap:
 garbage-first heap   total 407552K, used 291029K [0x0000000080000000, 0x0000000100000000)
  region size 1024K, 82 young (83968K), 15 survivors (15360K)
 Metaspace       used 144420K, capacity 149391K, committed 149580K, reserved 1179648K
  class space    used 17583K, capacity 19182K, committed 19276K, reserved 1048576K
GC Heap History (20 events):
Event: 614.760 GC heap before
{Heap before GC invocations=79 (full 0):
 garbage-first heap   total 407552K, used 333997K [0x0000000080000000, 0x0000000100000000)
  region size 1024K, 120 young (122880K), 11 survivors (11264K)
 Metaspace       used 139602K, capacity 143949K, committed 144076K, reserved 1175552K
  class space    used 17132K, capacity 18623K, committed 18636K, reserved 1048576K
}
Event: 614.823 GC heap after
{Heap after GC invocations=80 (full 0):
 garbage-first heap   total 407552K, used 252893K [0x0000000080000000, 0x0000000100000000)
  region size 1024K, 15 young (15360K), 15 survivors (15360K)
 Metaspace       used 139602K, capacity 143949K, committed 144076K, reserved 1175552K
  class space    used 17132K, capacity 18623K, committed 18636K, reserved 1048576K
}
Event: 615.502 GC heap before
{Heap before GC invocations=80 (full 0):
 garbage-first heap   total 407552K, used 328669K [0x0000000080000000, 0x0000000100000000)
  region size 1024K, 85 young (87040K), 15 survivors (15360K)
 Metaspace       used 139632K, capacity 144018K, committed 144076K, reserved 1175552K
  class space    used 17132K, capacity 18623K, committed 18636K, reserved 1048576K
}
Event: 615.541 GC heap after
{Heap after GC invocations=81 (full 0):
 garbage-first heap   total 407552K, used 269824K [0x0000000080000000, 0x0000000100000000)
  region size 1024K, 11 young (11264K), 11 survivors (11264K)
 Metaspace       used 139632K, capacity 144018K, committed 144076K, reserved 1175552K
  class space    used 17132K, capacity 18623K, committed 18636K, reserved 1048576K
}
Event: 616.437 GC heap before
{Heap before GC invocations=81 (full 0):
 garbage-first heap   total 407552K, used 306688K [0x0000000080000000, 0x0000000100000000)
  region size 1024K, 71 young (72704K), 11 survivors (11264K)
 Metaspace       used 139443K, capacity 143627K, committed 144076K, reserved 1175552K
  class space    used 17066K, capacity 18486K, committed 18636K, reserved 1048576K
}
Event: 616.460 GC heap after
{Heap after GC invocations=82 (full 0):
 garbage-first heap   total 407552K, used 243180K [0x0000000080000000, 0x0000000100000000)
  region size 1024K, 6 young (6144K), 6 survivors (6144K)
 Metaspace       used 139443K, capacity 143627K, committed 144076K, reserved 1175552K
  class space    used 17066K, capacity 18486K, committed 18636K, reserved 1048576K
}
Event: 617.693 GC heap before
{Heap before GC invocations=83 (full 0):
 garbage-first heap   total 407552K, used 323052K [0x0000000080000000, 0x0000000100000000)
  region size 1024K, 83 young (84992K), 6 survivors (6144K)
 Metaspace       used 139530K, capacity 143691K, committed 144076K, reserved 1175552K
  class space    used 17068K, capacity 18486K, committed 18636K, reserved 1048576K
}
Event: 617.712 GC heap after
{Heap after GC invocations=84 (full 0):
 garbage-first heap   total 407552K, used 247314K [0x0000000080000000, 0x0000000100000000)
  region size 1024K, 11 young (11264K), 11 survivors (11264K)
 Metaspace       used 139530K, capacity 143691K, committed 144076K, reserved 1175552K
  class space    used 17068K, capacity 18486K, committed 18636K, reserved 1048576K
}
Event: 617.799 GC heap before
{Heap before GC invocations=84 (full 0):
 garbage-first heap   total 407552K, used 255506K [0x0000000080000000, 0x0000000100000000)
  region size 1024K, 19 young (19456K), 11 survivors (11264K)
 Metaspace       used 139698K, capacity 143862K, committed 144332K, reserved 1175552K
  class space    used 17085K, capacity 18500K, committed 18636K, reserved 1048576K
}
Event: 617.823 GC heap after
{Heap after GC invocations=85 (full 0):
 garbage-first heap   total 407552K, used 210469K [0x0000000080000000, 0x0000000100000000)
  region size 1024K, 3 young (3072K), 3 survivors (3072K)
 Metaspace       used 139698K, capacity 143862K, committed 144332K, reserved 1175552K
  class space    used 17085K, capacity 18500K, committed 18636K, reserved 1048576K
}
Event: 617.970 GC heap before
{Heap before GC invocations=85 (full 0):
 garbage-first heap   total 407552K, used 227877K [0x0000000080000000, 0x0000000100000000)
  region size 1024K, 19 young (19456K), 3 survivors (3072K)
 Metaspace       used 139851K, capacity 144011K, committed 144332K, reserved 1175552K
  class space    used 17093K, capacity 18505K, committed 18636K, reserved 1048576K
}
Event: 617.994 GC heap after
{Heap after GC invocations=86 (full 0):
 garbage-first heap   total 407552K, used 192002K [0x0000000080000000, 0x0000000100000000)
  region size 1024K, 2 young (2048K), 2 survivors (2048K)
 Metaspace       used 139851K, capacity 144011K, committed 144332K, reserved 1175552K
  class space    used 17093K, capacity 18505K, committed 18636K, reserved 1048576K
}
Event: 732.360 GC heap before
{Heap before GC invocations=86 (full 0):
 garbage-first heap   total 407552K, used 314882K [0x0000000080000000, 0x0000000100000000)
  region size 1024K, 105 young (107520K), 2 survivors (2048K)
 Metaspace       used 140434K, capacity 144608K, committed 144844K, reserved 1175552K
  class space    used 17122K, capacity 18524K, committed 18636K, reserved 1048576K
}
Event: 732.365 GC heap after
{Heap after GC invocations=87 (full 0):
 garbage-first heap   total 407552K, used 190956K [0x0000000080000000, 0x0000000100000000)
  region size 1024K, 1 young (1024K), 1 survivors (1024K)
 Metaspace       used 140434K, capacity 144608K, committed 144844K, reserved 1175552K
  class space    used 17122K, capacity 18524K, committed 18636K, reserved 1048576K
}
Event: 1404.941 GC heap before
{Heap before GC invocations=87 (full 0):
 garbage-first heap   total 407552K, used 304620K [0x0000000080000000, 0x0000000100000000)
  region size 1024K, 113 young (115712K), 1 survivors (1024K)
 Metaspace       used 143473K, capacity 148129K, committed 148300K, reserved 1179648K
  class space    used 17479K, capacity 19002K, committed 19020K, reserved 1048576K
}
Event: 1404.972 GC heap after
{Heap after GC invocations=88 (full 0):
 garbage-first heap   total 407552K, used 201825K [0x0000000080000000, 0x0000000100000000)
  region size 1024K, 12 young (12288K), 12 survivors (12288K)
 Metaspace       used 143473K, capacity 148129K, committed 148300K, reserved 1179648K
  class space    used 17479K, capacity 19002K, committed 19020K, reserved 1048576K
}
Event: 1405.861 GC heap before
{Heap before GC invocations=88 (full 0):
 garbage-first heap   total 407552K, used 313441K [0x0000000080000000, 0x0000000100000000)
  region size 1024K, 121 young (123904K), 12 survivors (12288K)
 Metaspace       used 143920K, capacity 148653K, committed 148940K, reserved 1179648K
  class space    used 17532K, capacity 19088K, committed 19148K, reserved 1048576K
}
Event: 1405.894 GC heap after
{Heap after GC invocations=89 (full 0):
 garbage-first heap   total 407552K, used 209464K [0x0000000080000000, 0x0000000100000000)
  region size 1024K, 8 young (8192K), 8 survivors (8192K)
 Metaspace       used 143920K, capacity 148653K, committed 148940K, reserved 1179648K
  class space    used 17532K, capacity 19088K, committed 19148K, reserved 1048576K
}
Event: 1489.612 GC heap before
{Heap before GC invocations=89 (full 0):
 garbage-first heap   total 407552K, used 320056K [0x0000000080000000, 0x0000000100000000)
  region size 1024K, 117 young (119808K), 8 survivors (8192K)
 Metaspace       used 144415K, capacity 149385K, committed 149580K, reserved 1179648K
  class space    used 17582K, capacity 19181K, committed 19276K, reserved 1048576K
}
Event: 1489.652 GC heap after
{Heap after GC invocations=90 (full 0):
 garbage-first heap   total 407552K, used 221397K [0x0000000080000000, 0x0000000100000000)
  region size 1024K, 15 young (15360K), 15 survivors (15360K)
 Metaspace       used 144415K, capacity 149385K, committed 149580K, reserved 1179648K
  class space    used 17582K, capacity 19181K, committed 19276K, reserved 1048576K
}

